# JRE version: OpenJDK Runtime Environment (11.0.11+9) (build 11.0.11+9-b60-7590822)
# Java VM: OpenJDK 64-Bit Server VM (11.0.11+9-b60-7590822, mixed mode, tiered, compressed oops, g1 gc, windows-amd64)
Heap:
 garbage-first heap   total 489472K, used 259072K [0x0000000080000000, 0x0000000100000000)
  region size 1024K, 2 young (2048K), 2 survivors (2048K)
 Metaspace       used 124902K, capacity 127613K, committed 127820K, reserved 1161216K
  class space    used 15629K, capacity 16622K, committed 16716K, reserved 1048576K
GC Heap History (20 events):
Event: 123.893 GC heap after
{Heap after GC invocations=60 (full 0):
 garbage-first heap   total 196608K, used 177752K [0x0000000080000000, 0x0000000100000000)
  region size 1024K, 1 young (1024K), 1 survivors (1024K)
 Metaspace       used 122981K, capacity 125734K, committed 125900K, reserved 1159168K
  class space    used 15457K, capacity 16472K, committed 16588K, reserved 1048576K
}
Event: 124.379 GC heap before
{Heap before GC invocations=60 (full 0):
 garbage-first heap   total 196608K, used 184920K [0x0000000080000000, 0x0000000100000000)
  region size 1024K, 9 young (9216K), 1 survivors (1024K)
 Metaspace       used 123350K, capacity 126052K, committed 126156K, reserved 1159168K
  class space    used 15501K, capacity 16514K, committed 16588K, reserved 1048576K
}
Event: 124.386 GC heap after
{Heap after GC invocations=61 (full 0):
 garbage-first heap   total 196608K, used 179467K [0x0000000080000000, 0x0000000100000000)
  region size 1024K, 2 young (2048K), 2 survivors (2048K)
 Metaspace       used 123350K, capacity 126052K, committed 126156K, reserved 1159168K
  class space    used 15501K, capacity 16514K, committed 16588K, reserved 1048576K
}
Event: 124.732 GC heap before
{Heap before GC invocations=61 (full 0):
 garbage-first heap   total 196608K, used 187659K [0x0000000080000000, 0x0000000100000000)
  region size 1024K, 9 young (9216K), 2 survivors (2048K)
 Metaspace       used 123747K, capacity 126412K, committed 126668K, reserved 1159168K
  class space    used 15538K, capacity 16548K, committed 16588K, reserved 1048576K
}
Event: 124.740 GC heap after
{Heap after GC invocations=62 (full 0):
 garbage-first heap   total 236544K, used 180455K [0x0000000080000000, 0x0000000100000000)
  region size 1024K, 2 young (2048K), 2 survivors (2048K)
 Metaspace       used 123747K, capacity 126412K, committed 126668K, reserved 1159168K
  class space    used 15538K, capacity 16548K, committed 16588K, reserved 1048576K
}
Event: 125.496 GC heap before
{Heap before GC invocations=63 (full 0):
 garbage-first heap   total 236544K, used 194791K [0x0000000080000000, 0x0000000100000000)
  region size 1024K, 16 young (16384K), 2 survivors (2048K)
 Metaspace       used 124796K, capacity 127541K, committed 127820K, reserved 1161216K
  class space    used 15629K, capacity 16622K, committed 16716K, reserved 1048576K
}
Event: 125.505 GC heap after
{Heap after GC invocations=64 (full 0):
 garbage-first heap   total 236544K, used 184615K [0x0000000080000000, 0x0000000100000000)
  region size 1024K, 2 young (2048K), 2 survivors (2048K)
 Metaspace       used 124796K, capacity 127541K, committed 127820K, reserved 1161216K
  class space    used 15629K, capacity 16622K, committed 16716K, reserved 1048576K
}
Event: 125.613 GC heap before
{Heap before GC invocations=64 (full 0):
 garbage-first heap   total 236544K, used 193831K [0x0000000080000000, 0x0000000100000000)
  region size 1024K, 11 young (11264K), 2 survivors (2048K)
 Metaspace       used 124796K, capacity 127541K, committed 127820K, reserved 1161216K
  class space    used 15629K, capacity 16622K, committed 16716K, reserved 1048576K
}
Event: 125.632 GC heap after
{Heap after GC invocations=65 (full 0):
 garbage-first heap   total 236544K, used 190464K [0x0000000080000000, 0x0000000100000000)
  region size 1024K, 2 young (2048K), 2 survivors (2048K)
 Metaspace       used 124796K, capacity 127541K, committed 127820K, reserved 1161216K
  class space    used 15629K, capacity 16622K, committed 16716K, reserved 1048576K
}
Event: 125.713 GC heap before
{Heap before GC invocations=65 (full 0):
 garbage-first heap   total 236544K, used 199680K [0x0000000080000000, 0x0000000100000000)
  region size 1024K, 11 young (11264K), 2 survivors (2048K)
 Metaspace       used 124796K, capacity 127541K, committed 127820K, reserved 1161216K
  class space    used 15629K, capacity 16622K, committed 16716K, reserved 1048576K
}
Event: 125.724 GC heap after
{Heap after GC invocations=66 (full 0):
 garbage-first heap   total 236544K, used 200148K [0x0000000080000000, 0x0000000100000000)
  region size 1024K, 2 young (2048K), 2 survivors (2048K)
 Metaspace       used 124796K, capacity 127541K, committed 127820K, reserved 1161216K
  class space    used 15629K, capacity 16622K, committed 16716K, reserved 1048576K
}
Event: 126.065 GC heap before
{Heap before GC invocations=66 (full 0):
 garbage-first heap   total 236544K, used 209364K [0x0000000080000000, 0x0000000100000000)
  region size 1024K, 11 young (11264K), 2 survivors (2048K)
 Metaspace       used 124796K, capacity 127541K, committed 127820K, reserved 1161216K
  class space    used 15629K, capacity 16622K, committed 16716K, reserved 1048576K
}
Event: 126.081 GC heap after
{Heap after GC invocations=67 (full 0):
 garbage-first heap   total 299008K, used 207872K [0x0000000080000000, 0x0000000100000000)
  region size 1024K, 2 young (2048K), 2 survivors (2048K)
 Metaspace       used 124796K, capacity 127541K, committed 127820K, reserved 1161216K
  class space    used 15629K, capacity 16622K, committed 16716K, reserved 1048576K
}
Event: 126.435 GC heap before
{Heap before GC invocations=67 (full 0):
 garbage-first heap   total 299008K, used 230400K [0x0000000080000000, 0x0000000100000000)
  region size 1024K, 24 young (24576K), 2 survivors (2048K)
 Metaspace       used 124796K, capacity 127541K, committed 127820K, reserved 1161216K
  class space    used 15629K, capacity 16622K, committed 16716K, reserved 1048576K
}
Event: 126.473 GC heap after
{Heap after GC invocations=68 (full 0):
 garbage-first heap   total 299008K, used 224632K [0x0000000080000000, 0x0000000100000000)
  region size 1024K, 3 young (3072K), 3 survivors (3072K)
 Metaspace       used 124796K, capacity 127541K, committed 127820K, reserved 1161216K
  class space    used 15629K, capacity 16622K, committed 16716K, reserved 1048576K
}
Event: 126.759 GC heap before
{Heap before GC invocations=68 (full 0):
 garbage-first heap   total 299008K, used 239992K [0x0000000080000000, 0x0000000100000000)
  region size 1024K, 18 young (18432K), 3 survivors (3072K)
 Metaspace       used 124902K, capacity 127613K, committed 127820K, reserved 1161216K
  class space    used 15629K, capacity 16622K, committed 16716K, reserved 1048576K
}
Event: 126.783 GC heap after
{Heap after GC invocations=69 (full 0):
 garbage-first heap   total 299008K, used 232448K [0x0000000080000000, 0x0000000100000000)
  region size 1024K, 3 young (3072K), 3 survivors (3072K)
 Metaspace       used 124902K, capacity 127613K, committed 127820K, reserved 1161216K
  class space    used 15629K, capacity 16622K, committed 16716K, reserved 1048576K
}
Event: 127.098 GC heap before
{Heap before GC invocations=70 (full 0):
 garbage-first heap   total 299008K, used 245760K [0x0000000080000000, 0x0000000100000000)
  region size 1024K, 16 young (16384K), 3 survivors (3072K)
 Metaspace       used 124902K, capacity 127613K, committed 127820K, reserved 1161216K
  class space    used 15629K, capacity 16622K, committed 16716K, reserved 1048576K
}
Event: 127.118 GC heap after
{Heap after GC invocations=71 (full 0):
 garbage-first heap   total 299008K, used 246173K [0x0000000080000000, 0x0000000100000000)
  region size 1024K, 2 young (2048K), 2 survivors (2048K)
 Metaspace       used 124902K, capacity 127613K, committed 127820K, reserved 1161216K
  class space    used 15629K, capacity 16622K, committed 16716K, reserved 1048576K
}
Event: 127.185 GC heap before
{Heap before GC invocations=71 (full 0):
 garbage-first heap   total 299008K, used 257437K [0x0000000080000000, 0x0000000100000000)
  region size 1024K, 14 young (14336K), 2 survivors (2048K)
 Metaspace       used 124902K, capacity 127613K, committed 127820K, reserved 1161216K
  class space    used 15629K, capacity 16622K, committed 16716K, reserved 1048576K
}

